<?xml version="1.0" encoding="UTF-8"?>
<testng-results skipped="0" failed="0" ignored="0" total="1" passed="1">
  <reporter-output>
  </reporter-output>
  <suite name="Default suite" duration-ms="11229" started-at="2018-11-13T13:53:49Z" finished-at="2018-11-13T13:54:00Z">
    <groups>
    </groups>
    <test name="Default test" duration-ms="11229" started-at="2018-11-13T13:53:49Z" finished-at="2018-11-13T13:54:00Z">
      <class name="com.chinaredstar.qm.cases.TestBaiduSearch">
        <test-method status="PASS" signature="testSearch()[pri:0, instance:com.chinaredstar.qm.cases.TestBaiduSearch@3bf9ce3e]" name="testSearch" duration-ms="9422" started-at="2018-11-13T21:53:49Z" finished-at="2018-11-13T21:53:58Z">
          <reporter-output>
          </reporter-output>
        </test-method> <!-- testSearch -->
        <test-method status="PASS" signature="tearDown()[pri:0, instance:com.chinaredstar.qm.cases.TestBaiduSearch@3bf9ce3e]" name="tearDown" is-config="true" duration-ms="1780" started-at="2018-11-13T21:53:58Z" finished-at="2018-11-13T21:54:00Z">
          <reporter-output>
          </reporter-output>
        </test-method> <!-- tearDown -->
      </class> <!-- com.chinaredstar.qm.cases.TestBaiduSearch -->
    </test> <!-- Default test -->
  </suite> <!-- Default suite -->
</testng-results>
